<?xml version="1.0" encoding="utf-8"?><testsuites name="pytest tests"><testsuite name="pytest" errors="0" failures="0" skipped="0" tests="23" time="13.427" timestamp="2026-05-06T19:05:32.225981+00:00" hostname="agent-env-bc58bb2f-e80a-4172-aa76-f5670c7db673"><testcase classname="backend.tests.test_gridsense_api" name="test_health" time="1.941" /><testcase classname="backend.tests.test_gridsense_api" name="test_zones" time="0.086" /><testcase classname="backend.tests.test_gridsense_api" name="test_admin_login_success" time="0.375" /><testcase classname="backend.tests.test_gridsense_api" name="test_admin_login_wrong" time="0.371" /><testcase classname="backend.tests.test_gridsense_api" name="test_customer_login" time="0.374" /><testcase classname="backend.tests.test_gridsense_api" name="test_register_new_customer" time="0.460" /><testcase classname="backend.tests.test_gridsense_api" name="test_me_authed" time="0.438" /><testcase classname="backend.tests.test_gridsense_api" name="test_me_unauthed" time="0.175" /><testcase classname="backend.tests.test_gridsense_api" name="test_customer_dashboard" time="0.078" /><testcase classname="backend.tests.test_gridsense_api" name="test_customer_plan" time="0.086" /><testcase classname="backend.tests.test_gridsense_api" name="test_customer_stations" time="0.081" /><testcase classname="backend.tests.test_gridsense_api" name="test_customer_profile_update" time="0.083" /><testcase classname="backend.tests.test_gridsense_api" name="test_customer_endpoint_blocks_admin" time="0.558" /><testcase classname="backend.tests.test_gridsense_api" name="test_admin_overview" time="0.093" /><testcase classname="backend.tests.test_gridsense_api" name="test_admin_forecast" time="0.178" /><testcase classname="backend.tests.test_gridsense_api" name="test_admin_schedules_and_action" time="0.158" /><testcase classname="backend.tests.test_gridsense_api" name="test_admin_schedules_bulk" time="0.288" /><testcase classname="backend.tests.test_gridsense_api" name="test_admin_events_filters" time="0.083" /><testcase classname="backend.tests.test_gridsense_api" name="test_admin_event_resolve" time="0.160" /><testcase classname="backend.tests.test_gridsense_api" name="test_admin_customers" time="0.080" /><testcase classname="backend.tests.test_gridsense_api" name="test_admin_customer_sessions" time="0.158" /><testcase classname="backend.tests.test_gridsense_api" name="test_admin_reports" time="0.095" /><testcase classname="backend.tests.test_gridsense_api" name="test_admin_endpoint_blocks_customer" time="6.553" /></testsuite></testsuites>